[0.101s] DEBUG:colcon:Command line arguments: ['/usr/bin/colcon', 'build']
[0.101s] DEBUG:colcon:Parsed command line arguments: Namespace(log_base=None, log_level=None, verb_name='build', build_base='build', install_base='install', merge_install=False, symlink_install=False, test_result_base=None, continue_on_error=False, executor='parallel', parallel_workers=8, event_handlers=None, ignore_user_meta=False, metas=['./colcon.meta'], base_paths=['.'], packages_ignore=None, packages_ignore_regex=None, paths=None, packages_up_to=None, packages_up_to_regex=None, packages_above=None, packages_above_and_dependencies=None, packages_above_depth=None, packages_select_by_dep=None, packages_skip_by_dep=None, packages_skip_up_to=None, packages_select_build_failed=False, packages_skip_build_finished=False, packages_select_test_failures=False, packages_skip_test_passed=False, packages_select=None, packages_skip=None, packages_select_regex=None, packages_skip_regex=None, packages_start=None, packages_end=None, allow_overriding=[], cmake_args=None, cmake_target=None, cmake_target_skip_unavailable=False, cmake_clean_cache=False, cmake_clean_first=False, cmake_force_configure=False, ament_cmake_args=None, catkin_cmake_args=None, catkin_skip_building_tests=False, mixin_files=None, mixin=None, verb_parser=<colcon_mixin.mixin.mixin_argument.MixinArgumentDecorator object at 0x75442ca63310>, verb_extension=<colcon_core.verb.build.BuildVerb object at 0x75442ca62e60>, main=<bound method BuildVerb.main of <colcon_core.verb.build.BuildVerb object at 0x75442ca62e60>>, mixin_verb=('build',))
[0.281s] Level 1:colcon.colcon_core.package_discovery:discover_packages(colcon_meta) check parameters
[0.281s] Level 1:colcon.colcon_core.package_discovery:discover_packages(recursive) check parameters
[0.281s] Level 1:colcon.colcon_core.package_discovery:discover_packages(ignore) check parameters
[0.281s] Level 1:colcon.colcon_core.package_discovery:discover_packages(path) check parameters
[0.281s] Level 1:colcon.colcon_core.package_discovery:discover_packages(colcon_meta) discover
[0.281s] Level 1:colcon.colcon_core.package_discovery:discover_packages(recursive) discover
[0.281s] INFO:colcon.colcon_core.package_discovery:Crawling recursively for packages in '/home/shazzy/amr_ros2'
[0.281s] Level 1:colcon.colcon_core.package_identification:_identify(.) by extensions ['ignore', 'ignore_ament_install']
[0.282s] Level 1:colcon.colcon_core.package_identification:_identify(.) by extension 'ignore'
[0.282s] Level 1:colcon.colcon_core.package_identification:_identify(.) by extension 'ignore_ament_install'
[0.282s] Level 1:colcon.colcon_core.package_identification:_identify(.) by extensions ['colcon_pkg']
[0.282s] Level 1:colcon.colcon_core.package_identification:_identify(.) by extension 'colcon_pkg'
[0.282s] Level 1:colcon.colcon_core.package_identification:_identify(.) by extensions ['colcon_meta']
[0.282s] Level 1:colcon.colcon_core.package_identification:_identify(.) by extension 'colcon_meta'
[0.282s] Level 1:colcon.colcon_core.package_identification:_identify(.) by extensions ['ros']
[0.282s] Level 1:colcon.colcon_core.package_identification:_identify(.) by extension 'ros'
[0.290s] Level 1:colcon.colcon_core.package_identification:_identify(.) by extensions ['cmake', 'python']
[0.290s] Level 1:colcon.colcon_core.package_identification:_identify(.) by extension 'cmake'
[0.290s] Level 1:colcon.colcon_core.package_identification:_identify(.) by extension 'python'
[0.290s] Level 1:colcon.colcon_core.package_identification:_identify(.) by extensions ['python_setup_py']
[0.290s] Level 1:colcon.colcon_core.package_identification:_identify(.) by extension 'python_setup_py'
[0.290s] Level 1:colcon.colcon_core.package_identification:_identify(build) by extensions ['ignore', 'ignore_ament_install']
[0.290s] Level 1:colcon.colcon_core.package_identification:_identify(build) by extension 'ignore'
[0.290s] Level 1:colcon.colcon_core.package_identification:_identify(build) ignored
[0.290s] Level 1:colcon.colcon_core.package_identification:_identify(install) by extensions ['ignore', 'ignore_ament_install']
[0.290s] Level 1:colcon.colcon_core.package_identification:_identify(install) by extension 'ignore'
[0.290s] Level 1:colcon.colcon_core.package_identification:_identify(install) ignored
[0.290s] Level 1:colcon.colcon_core.package_identification:_identify(log) by extensions ['ignore', 'ignore_ament_install']
[0.290s] Level 1:colcon.colcon_core.package_identification:_identify(log) by extension 'ignore'
[0.290s] Level 1:colcon.colcon_core.package_identification:_identify(log) ignored
[0.290s] Level 1:colcon.colcon_core.package_identification:_identify(particle_filter_localization) by extensions ['ignore', 'ignore_ament_install']
[0.290s] Level 1:colcon.colcon_core.package_identification:_identify(particle_filter_localization) by extension 'ignore'
[0.290s] Level 1:colcon.colcon_core.package_identification:_identify(particle_filter_localization) by extension 'ignore_ament_install'
[0.290s] Level 1:colcon.colcon_core.package_identification:_identify(particle_filter_localization) by extensions ['colcon_pkg']
[0.290s] Level 1:colcon.colcon_core.package_identification:_identify(particle_filter_localization) by extension 'colcon_pkg'
[0.290s] Level 1:colcon.colcon_core.package_identification:_identify(particle_filter_localization) by extensions ['colcon_meta']
[0.290s] Level 1:colcon.colcon_core.package_identification:_identify(particle_filter_localization) by extension 'colcon_meta'
[0.290s] Level 1:colcon.colcon_core.package_identification:_identify(particle_filter_localization) by extensions ['ros']
[0.291s] Level 1:colcon.colcon_core.package_identification:_identify(particle_filter_localization) by extension 'ros'
[0.292s] DEBUG:colcon.colcon_core.package_identification:Package 'particle_filter_localization' with type 'ros.ament_python' and name 'particle_filter_localization'
[0.293s] Level 1:colcon.colcon_core.package_identification:_identify(task_1) by extensions ['ignore', 'ignore_ament_install']
[0.293s] Level 1:colcon.colcon_core.package_identification:_identify(task_1) by extension 'ignore'
[0.293s] Level 1:colcon.colcon_core.package_identification:_identify(task_1) by extension 'ignore_ament_install'
[0.293s] Level 1:colcon.colcon_core.package_identification:_identify(task_1) by extensions ['colcon_pkg']
[0.293s] Level 1:colcon.colcon_core.package_identification:_identify(task_1) by extension 'colcon_pkg'
[0.293s] Level 1:colcon.colcon_core.package_identification:_identify(task_1) by extensions ['colcon_meta']
[0.293s] Level 1:colcon.colcon_core.package_identification:_identify(task_1) by extension 'colcon_meta'
[0.293s] Level 1:colcon.colcon_core.package_identification:_identify(task_1) by extensions ['ros']
[0.293s] Level 1:colcon.colcon_core.package_identification:_identify(task_1) by extension 'ros'
[0.294s] DEBUG:colcon.colcon_core.package_identification:Package 'task_1' with type 'ros.ament_python' and name 'task_1'
[0.294s] Level 1:colcon.colcon_core.package_discovery:discover_packages(recursive) using defaults
[0.294s] Level 1:colcon.colcon_core.package_discovery:discover_packages(ignore) discover
[0.294s] Level 1:colcon.colcon_core.package_discovery:discover_packages(ignore) using defaults
[0.294s] Level 1:colcon.colcon_core.package_discovery:discover_packages(path) discover
[0.294s] Level 1:colcon.colcon_core.package_discovery:discover_packages(path) using defaults
[0.320s] Level 1:colcon.colcon_core.package_discovery:discover_packages(prefix_path) check parameters
[0.320s] Level 1:colcon.colcon_core.package_discovery:discover_packages(prefix_path) discover
[0.322s] DEBUG:colcon.colcon_installed_package_information.package_discovery:Found 9 installed packages in /home/shazzy/ros2_ws/install
[0.323s] DEBUG:colcon.colcon_installed_package_information.package_discovery:Found 305 installed packages in /opt/ros/humble
[0.324s] Level 1:colcon.colcon_core.package_discovery:discover_packages(prefix_path) using defaults
[0.355s] Level 5:colcon.colcon_core.verb:set package 'particle_filter_localization' build argument 'cmake_args' from command line to 'None'
[0.355s] Level 5:colcon.colcon_core.verb:set package 'particle_filter_localization' build argument 'cmake_target' from command line to 'None'
[0.355s] Level 5:colcon.colcon_core.verb:set package 'particle_filter_localization' build argument 'cmake_target_skip_unavailable' from command line to 'False'
[0.355s] Level 5:colcon.colcon_core.verb:set package 'particle_filter_localization' build argument 'cmake_clean_cache' from command line to 'False'
[0.355s] Level 5:colcon.colcon_core.verb:set package 'particle_filter_localization' build argument 'cmake_clean_first' from command line to 'False'
[0.355s] Level 5:colcon.colcon_core.verb:set package 'particle_filter_localization' build argument 'cmake_force_configure' from command line to 'False'
[0.355s] Level 5:colcon.colcon_core.verb:set package 'particle_filter_localization' build argument 'ament_cmake_args' from command line to 'None'
[0.355s] Level 5:colcon.colcon_core.verb:set package 'particle_filter_localization' build argument 'catkin_cmake_args' from command line to 'None'
[0.355s] Level 5:colcon.colcon_core.verb:set package 'particle_filter_localization' build argument 'catkin_skip_building_tests' from command line to 'False'
[0.355s] DEBUG:colcon.colcon_core.verb:Building package 'particle_filter_localization' with the following arguments: {'ament_cmake_args': None, 'build_base': '/home/shazzy/amr_ros2/build/particle_filter_localization', 'catkin_cmake_args': None, 'catkin_skip_building_tests': False, 'cmake_args': None, 'cmake_clean_cache': False, 'cmake_clean_first': False, 'cmake_force_configure': False, 'cmake_target': None, 'cmake_target_skip_unavailable': False, 'install_base': '/home/shazzy/amr_ros2/install/particle_filter_localization', 'merge_install': False, 'path': '/home/shazzy/amr_ros2/particle_filter_localization', 'symlink_install': False, 'test_result_base': None}
[0.356s] Level 5:colcon.colcon_core.verb:set package 'task_1' build argument 'cmake_args' from command line to 'None'
[0.356s] Level 5:colcon.colcon_core.verb:set package 'task_1' build argument 'cmake_target' from command line to 'None'
[0.356s] Level 5:colcon.colcon_core.verb:set package 'task_1' build argument 'cmake_target_skip_unavailable' from command line to 'False'
[0.356s] Level 5:colcon.colcon_core.verb:set package 'task_1' build argument 'cmake_clean_cache' from command line to 'False'
[0.356s] Level 5:colcon.colcon_core.verb:set package 'task_1' build argument 'cmake_clean_first' from command line to 'False'
[0.356s] Level 5:colcon.colcon_core.verb:set package 'task_1' build argument 'cmake_force_configure' from command line to 'False'
[0.356s] Level 5:colcon.colcon_core.verb:set package 'task_1' build argument 'ament_cmake_args' from command line to 'None'
[0.356s] Level 5:colcon.colcon_core.verb:set package 'task_1' build argument 'catkin_cmake_args' from command line to 'None'
[0.356s] Level 5:colcon.colcon_core.verb:set package 'task_1' build argument 'catkin_skip_building_tests' from command line to 'False'
[0.356s] DEBUG:colcon.colcon_core.verb:Building package 'task_1' with the following arguments: {'ament_cmake_args': None, 'build_base': '/home/shazzy/amr_ros2/build/task_1', 'catkin_cmake_args': None, 'catkin_skip_building_tests': False, 'cmake_args': None, 'cmake_clean_cache': False, 'cmake_clean_first': False, 'cmake_force_configure': False, 'cmake_target': None, 'cmake_target_skip_unavailable': False, 'install_base': '/home/shazzy/amr_ros2/install/task_1', 'merge_install': False, 'path': '/home/shazzy/amr_ros2/task_1', 'symlink_install': False, 'test_result_base': None}
[0.356s] INFO:colcon.colcon_core.executor:Executing jobs using 'parallel' executor
[0.357s] DEBUG:colcon.colcon_parallel_executor.executor.parallel:run_until_complete
[0.357s] INFO:colcon.colcon_ros.task.ament_python.build:Building ROS package in '/home/shazzy/amr_ros2/particle_filter_localization' with build type 'ament_python'
[0.357s] Level 1:colcon.colcon_core.shell:create_environment_hook('particle_filter_localization', 'ament_prefix_path')
[0.360s] INFO:colcon.colcon_core.plugin_system:Skipping extension 'colcon_core.shell.bat': Not used on non-Windows systems
[0.360s] INFO:colcon.colcon_core.shell:Creating environment hook '/home/shazzy/amr_ros2/install/particle_filter_localization/share/particle_filter_localization/hook/ament_prefix_path.ps1'
[0.361s] INFO:colcon.colcon_core.shell:Creating environment descriptor '/home/shazzy/amr_ros2/install/particle_filter_localization/share/particle_filter_localization/hook/ament_prefix_path.dsv'
[0.361s] INFO:colcon.colcon_core.shell:Creating environment hook '/home/shazzy/amr_ros2/install/particle_filter_localization/share/particle_filter_localization/hook/ament_prefix_path.sh'
[0.362s] INFO:colcon.colcon_core.shell:Skip shell extension 'powershell' for command environment: Not usable outside of PowerShell
[0.362s] DEBUG:colcon.colcon_core.shell:Skip shell extension 'dsv' for command environment
[0.365s] INFO:colcon.colcon_ros.task.ament_python.build:Building ROS package in '/home/shazzy/amr_ros2/task_1' with build type 'ament_python'
[0.365s] Level 1:colcon.colcon_core.shell:create_environment_hook('task_1', 'ament_prefix_path')
[0.365s] INFO:colcon.colcon_core.shell:Creating environment hook '/home/shazzy/amr_ros2/install/task_1/share/task_1/hook/ament_prefix_path.ps1'
[0.366s] INFO:colcon.colcon_core.shell:Creating environment descriptor '/home/shazzy/amr_ros2/install/task_1/share/task_1/hook/ament_prefix_path.dsv'
[0.366s] INFO:colcon.colcon_core.shell:Creating environment hook '/home/shazzy/amr_ros2/install/task_1/share/task_1/hook/ament_prefix_path.sh'
[0.366s] INFO:colcon.colcon_core.shell:Skip shell extension 'powershell' for command environment: Not usable outside of PowerShell
[0.366s] DEBUG:colcon.colcon_core.shell:Skip shell extension 'dsv' for command environment
[0.579s] INFO:colcon.colcon_core.task.python.build:Building Python package in '/home/shazzy/amr_ros2/particle_filter_localization'
[0.580s] INFO:colcon.colcon_core.shell:Skip shell extension 'powershell' for command environment: Not usable outside of PowerShell
[0.580s] DEBUG:colcon.colcon_core.shell:Skip shell extension 'dsv' for command environment
[0.789s] INFO:colcon.colcon_core.task.python.build:Building Python package in '/home/shazzy/amr_ros2/task_1'
[0.789s] INFO:colcon.colcon_core.shell:Skip shell extension 'powershell' for command environment: Not usable outside of PowerShell
[0.789s] DEBUG:colcon.colcon_core.shell:Skip shell extension 'dsv' for command environment
[1.105s] DEBUG:colcon.colcon_core.event_handler.log_command:Invoking command in '/home/shazzy/amr_ros2/particle_filter_localization': PYTHONPATH=/home/shazzy/amr_ros2/build/particle_filter_localization/prefix_override:/usr/lib/python3/dist-packages/colcon_core/task/python/colcon_distutils_commands:/home/shazzy/amr_ros2/install/particle_filter_localization/lib/python3.10/site-packages:${PYTHONPATH} /usr/bin/python3 -W ignore:setup.py install is deprecated -W ignore:easy_install command is deprecated setup.py egg_info --egg-base ../build/particle_filter_localization build --build-base /home/shazzy/amr_ros2/build/particle_filter_localization/build install --record /home/shazzy/amr_ros2/build/particle_filter_localization/install.log --single-version-externally-managed install_data
[1.108s] DEBUG:colcon.colcon_core.event_handler.log_command:Invoking command in '/home/shazzy/amr_ros2/task_1': PYTHONPATH=/home/shazzy/amr_ros2/build/task_1/prefix_override:/usr/lib/python3/dist-packages/colcon_core/task/python/colcon_distutils_commands:/home/shazzy/amr_ros2/install/task_1/lib/python3.10/site-packages:${PYTHONPATH} /usr/bin/python3 -W ignore:setup.py install is deprecated -W ignore:easy_install command is deprecated setup.py egg_info --egg-base ../build/task_1 build --build-base /home/shazzy/amr_ros2/build/task_1/build install --record /home/shazzy/amr_ros2/build/task_1/install.log --single-version-externally-managed install_data
[1.364s] DEBUG:colcon.colcon_core.event_handler.log_command:Invoked command in '/home/shazzy/amr_ros2/particle_filter_localization' returned '0': PYTHONPATH=/home/shazzy/amr_ros2/build/particle_filter_localization/prefix_override:/usr/lib/python3/dist-packages/colcon_core/task/python/colcon_distutils_commands:/home/shazzy/amr_ros2/install/particle_filter_localization/lib/python3.10/site-packages:${PYTHONPATH} /usr/bin/python3 -W ignore:setup.py install is deprecated -W ignore:easy_install command is deprecated setup.py egg_info --egg-base ../build/particle_filter_localization build --build-base /home/shazzy/amr_ros2/build/particle_filter_localization/build install --record /home/shazzy/amr_ros2/build/particle_filter_localization/install.log --single-version-externally-managed install_data
[1.367s] Level 1:colcon.colcon_core.environment:checking '/home/shazzy/amr_ros2/install/particle_filter_localization' for CMake module files
[1.368s] Level 1:colcon.colcon_core.environment:checking '/home/shazzy/amr_ros2/install/particle_filter_localization' for CMake config files
[1.368s] Level 1:colcon.colcon_core.environment:checking '/home/shazzy/amr_ros2/install/particle_filter_localization/lib'
[1.369s] Level 1:colcon.colcon_core.environment:checking '/home/shazzy/amr_ros2/install/particle_filter_localization/bin'
[1.369s] Level 1:colcon.colcon_core.environment:checking '/home/shazzy/amr_ros2/install/particle_filter_localization/lib/pkgconfig/particle_filter_localization.pc'
[1.369s] Level 1:colcon.colcon_core.environment:checking '/home/shazzy/amr_ros2/install/particle_filter_localization/lib/python3.10/site-packages'
[1.369s] Level 1:colcon.colcon_core.shell:create_environment_hook('particle_filter_localization', 'pythonpath')
[1.369s] INFO:colcon.colcon_core.shell:Creating environment hook '/home/shazzy/amr_ros2/install/particle_filter_localization/share/particle_filter_localization/hook/pythonpath.ps1'
[1.369s] INFO:colcon.colcon_core.shell:Creating environment descriptor '/home/shazzy/amr_ros2/install/particle_filter_localization/share/particle_filter_localization/hook/pythonpath.dsv'
[1.370s] INFO:colcon.colcon_core.shell:Creating environment hook '/home/shazzy/amr_ros2/install/particle_filter_localization/share/particle_filter_localization/hook/pythonpath.sh'
[1.370s] Level 1:colcon.colcon_core.environment:checking '/home/shazzy/amr_ros2/install/particle_filter_localization/bin'
[1.370s] Level 1:colcon.colcon_core.environment:create_environment_scripts_only(particle_filter_localization)
[1.370s] INFO:colcon.colcon_core.shell:Creating package script '/home/shazzy/amr_ros2/install/particle_filter_localization/share/particle_filter_localization/package.ps1'
[1.371s] INFO:colcon.colcon_core.shell:Creating package descriptor '/home/shazzy/amr_ros2/install/particle_filter_localization/share/particle_filter_localization/package.dsv'
[1.372s] INFO:colcon.colcon_core.shell:Creating package script '/home/shazzy/amr_ros2/install/particle_filter_localization/share/particle_filter_localization/package.sh'
[1.372s] INFO:colcon.colcon_core.shell:Creating package script '/home/shazzy/amr_ros2/install/particle_filter_localization/share/particle_filter_localization/package.bash'
[1.373s] INFO:colcon.colcon_core.shell:Creating package script '/home/shazzy/amr_ros2/install/particle_filter_localization/share/particle_filter_localization/package.zsh'
[1.373s] Level 1:colcon.colcon_core.environment:create_file_with_runtime_dependencies(/home/shazzy/amr_ros2/install/particle_filter_localization/share/colcon-core/packages/particle_filter_localization)
[1.375s] Level 1:colcon.colcon_core.environment:checking '/home/shazzy/amr_ros2/install/task_1' for CMake module files
[1.375s] DEBUG:colcon.colcon_core.event_handler.log_command:Invoked command in '/home/shazzy/amr_ros2/task_1' returned '0': PYTHONPATH=/home/shazzy/amr_ros2/build/task_1/prefix_override:/usr/lib/python3/dist-packages/colcon_core/task/python/colcon_distutils_commands:/home/shazzy/amr_ros2/install/task_1/lib/python3.10/site-packages:${PYTHONPATH} /usr/bin/python3 -W ignore:setup.py install is deprecated -W ignore:easy_install command is deprecated setup.py egg_info --egg-base ../build/task_1 build --build-base /home/shazzy/amr_ros2/build/task_1/build install --record /home/shazzy/amr_ros2/build/task_1/install.log --single-version-externally-managed install_data
[1.375s] Level 1:colcon.colcon_core.environment:checking '/home/shazzy/amr_ros2/install/task_1' for CMake config files
[1.376s] Level 1:colcon.colcon_core.environment:checking '/home/shazzy/amr_ros2/install/task_1/lib'
[1.376s] Level 1:colcon.colcon_core.environment:checking '/home/shazzy/amr_ros2/install/task_1/bin'
[1.376s] Level 1:colcon.colcon_core.environment:checking '/home/shazzy/amr_ros2/install/task_1/lib/pkgconfig/task_1.pc'
[1.376s] Level 1:colcon.colcon_core.environment:checking '/home/shazzy/amr_ros2/install/task_1/lib/python3.10/site-packages'
[1.376s] Level 1:colcon.colcon_core.shell:create_environment_hook('task_1', 'pythonpath')
[1.376s] INFO:colcon.colcon_core.shell:Creating environment hook '/home/shazzy/amr_ros2/install/task_1/share/task_1/hook/pythonpath.ps1'
[1.376s] INFO:colcon.colcon_core.shell:Creating environment descriptor '/home/shazzy/amr_ros2/install/task_1/share/task_1/hook/pythonpath.dsv'
[1.377s] INFO:colcon.colcon_core.shell:Creating environment hook '/home/shazzy/amr_ros2/install/task_1/share/task_1/hook/pythonpath.sh'
[1.377s] Level 1:colcon.colcon_core.environment:checking '/home/shazzy/amr_ros2/install/task_1/bin'
[1.377s] Level 1:colcon.colcon_core.environment:create_environment_scripts_only(task_1)
[1.377s] INFO:colcon.colcon_core.shell:Creating package script '/home/shazzy/amr_ros2/install/task_1/share/task_1/package.ps1'
[1.378s] INFO:colcon.colcon_core.shell:Creating package descriptor '/home/shazzy/amr_ros2/install/task_1/share/task_1/package.dsv'
[1.378s] INFO:colcon.colcon_core.shell:Creating package script '/home/shazzy/amr_ros2/install/task_1/share/task_1/package.sh'
[1.378s] INFO:colcon.colcon_core.shell:Creating package script '/home/shazzy/amr_ros2/install/task_1/share/task_1/package.bash'
[1.378s] INFO:colcon.colcon_core.shell:Creating package script '/home/shazzy/amr_ros2/install/task_1/share/task_1/package.zsh'
[1.379s] Level 1:colcon.colcon_core.environment:create_file_with_runtime_dependencies(/home/shazzy/amr_ros2/install/task_1/share/colcon-core/packages/task_1)
[1.379s] DEBUG:colcon.colcon_parallel_executor.executor.parallel:closing loop
[1.379s] DEBUG:colcon.colcon_parallel_executor.executor.parallel:loop closed
[1.379s] DEBUG:colcon.colcon_parallel_executor.executor.parallel:run_until_complete finished with '0'
[1.379s] DEBUG:colcon.colcon_core.event_reactor:joining thread
[1.384s] INFO:colcon.colcon_core.plugin_system:Skipping extension 'colcon_notification.desktop_notification.terminal_notifier': Not used on non-Darwin systems
[1.384s] INFO:colcon.colcon_core.plugin_system:Skipping extension 'colcon_notification.desktop_notification.win32': Not used on non-Windows systems
[1.384s] INFO:colcon.colcon_notification.desktop_notification:Sending desktop notification using 'notify2'
[1.397s] DEBUG:colcon.colcon_core.event_reactor:joined thread
[1.398s] INFO:colcon.colcon_core.shell:Creating prefix script '/home/shazzy/amr_ros2/install/local_setup.ps1'
[1.399s] INFO:colcon.colcon_core.shell:Creating prefix util module '/home/shazzy/amr_ros2/install/_local_setup_util_ps1.py'
[1.400s] INFO:colcon.colcon_core.shell:Creating prefix chain script '/home/shazzy/amr_ros2/install/setup.ps1'
[1.402s] INFO:colcon.colcon_core.shell:Creating prefix script '/home/shazzy/amr_ros2/install/local_setup.sh'
[1.402s] INFO:colcon.colcon_core.shell:Creating prefix util module '/home/shazzy/amr_ros2/install/_local_setup_util_sh.py'
[1.402s] INFO:colcon.colcon_core.shell:Creating prefix chain script '/home/shazzy/amr_ros2/install/setup.sh'
[1.404s] INFO:colcon.colcon_core.shell:Creating prefix script '/home/shazzy/amr_ros2/install/local_setup.bash'
[1.404s] INFO:colcon.colcon_core.shell:Creating prefix chain script '/home/shazzy/amr_ros2/install/setup.bash'
[1.405s] INFO:colcon.colcon_core.shell:Creating prefix script '/home/shazzy/amr_ros2/install/local_setup.zsh'
[1.405s] INFO:colcon.colcon_core.shell:Creating prefix chain script '/home/shazzy/amr_ros2/install/setup.zsh'
