/home/shazzy/amr_ros2/install/particle_filter_localization/lib/python3.10/site-packages/particle_filter_localization/particle_filter.py
/home/shazzy/amr_ros2/install/particle_filter_localization/lib/python3.10/site-packages/particle_filter_localization/__init__.py
/home/shazzy/amr_ros2/install/particle_filter_localization/lib/python3.10/site-packages/particle_filter_localization/__pycache__/particle_filter.cpython-310.pyc
/home/shazzy/amr_ros2/install/particle_filter_localization/lib/python3.10/site-packages/particle_filter_localization/__pycache__/__init__.cpython-310.pyc
/home/shazzy/amr_ros2/install/particle_filter_localization/share/ament_index/resource_index/packages/particle_filter_localization
/home/shazzy/amr_ros2/install/particle_filter_localization/share/particle_filter_localization/package.xml
/home/shazzy/amr_ros2/install/particle_filter_localization/share/particle_filter_localization/launch/debug_map_launch.py
/home/shazzy/amr_ros2/install/particle_filter_localization/share/particle_filter_localization/launch/simple_launch.py
/home/shazzy/amr_ros2/install/particle_filter_localization/share/particle_filter_localization/launch/gazebo_4_wheel.launch.py
/home/shazzy/amr_ros2/install/particle_filter_localization/share/particle_filter_localization/launch/particle_filter_launch.py
/home/shazzy/amr_ros2/install/particle_filter_localization/share/particle_filter_localization/config/particle_filter_params.yaml
/home/shazzy/amr_ros2/install/particle_filter_localization/share/particle_filter_localization/maps
/home/shazzy/amr_ros2/install/particle_filter_localization/share/particle_filter_localization/worlds
/home/shazzy/amr_ros2/install/particle_filter_localization/lib/python3.10/site-packages/particle_filter_localization-0.0.0-py3.10.egg-info/entry_points.txt
/home/shazzy/amr_ros2/install/particle_filter_localization/lib/python3.10/site-packages/particle_filter_localization-0.0.0-py3.10.egg-info/zip-safe
/home/shazzy/amr_ros2/install/particle_filter_localization/lib/python3.10/site-packages/particle_filter_localization-0.0.0-py3.10.egg-info/PKG-INFO
/home/shazzy/amr_ros2/install/particle_filter_localization/lib/python3.10/site-packages/particle_filter_localization-0.0.0-py3.10.egg-info/requires.txt
/home/shazzy/amr_ros2/install/particle_filter_localization/lib/python3.10/site-packages/particle_filter_localization-0.0.0-py3.10.egg-info/dependency_links.txt
/home/shazzy/amr_ros2/install/particle_filter_localization/lib/python3.10/site-packages/particle_filter_localization-0.0.0-py3.10.egg-info/SOURCES.txt
/home/shazzy/amr_ros2/install/particle_filter_localization/lib/python3.10/site-packages/particle_filter_localization-0.0.0-py3.10.egg-info/top_level.txt
/home/shazzy/amr_ros2/install/particle_filter_localization/lib/particle_filter_localization/particle_filter
